Arguments: 
  C:\Program Files\nodejs\node.exe C:\Users\MEMV-Thiago\AppData\Roaming\npm\node_modules\yarn\bin\yarn.js add -D eslint-plugin-import-helpers eslint-import-resolver-typescript

PATH: 
  C:\Python310\Scripts\;C:\Python310\;C:\Program Files (x86)\VMware\VMware Player\bin\;C:\Program Files (x86)\Common Files\Oracle\Java\javapath;C:\WINDOWS\system32;C:\WINDOWS;C:\WINDOWS\System32\Wbem;C:\WINDOWS\System32\WindowsPowerShell\v1.0\;C:\WINDOWS\System32\OpenSSH\;C:\Program Files\Git\cmd;c:\Program Files (x86)\Microsoft SQL Server\100\Tools\Binn\VSShell\Common7\IDE\;c:\Program Files (x86)\Microsoft SQL Server\100\Tools\Binn\;c:\Program Files\Microsoft SQL Server\100\Tools\Binn\;c:\Program Files (x86)\Microsoft SQL Server\100\DTS\Binn\;C:\ProgramData\ComposerSetup\bin;C:\xampp7\php;C:\Program Files\dotnet\;C:\Program Files\Microsoft SQL Server\Client SDK\ODBC\170\Tools\Binn\;C:\Program Files\PuTTY\;C:\Program Files\MongoDB\Server\4.2\bin;C:\Program Files\Geth;C:\Program Files\nodejs\;C:\ProgramData\chocolatey\bin;C:\Users\MEMV-Thiago\AppData\Local\Microsoft\WindowsApps;C:\Users\MEMV-Thiago\AppData\Local\Programs\Microsoft VS Code\bin;C:\Users\MEMV-Thiago\AppData\Local\GitHubDesktop\bin;C:\Users\MEMV-Thiago\AppData\Roaming\Composer\vendor\bin;C:\Users\MEMV-Thiago\AppData\Local\Microsoft\WindowsApps;C:\Users\MEMV-Thiago\.dotnet\tools;C:\Users\MEMV-Thiago\AppData\Local\Programs\Hyper\resources\bin;C:\Program Files\heroku\bin;C:\Users\MEMV-Thiago\AppData\Roaming\npm

Yarn version: 
  1.22.19

Node version: 
  16.17.0

Platform: 
  win32 x64

Trace: 
  Error: https://registry.yarnpkg.com/express: tunneling socket could not be established, cause=getaddrinfo ENOTFOUND 3128
      at ClientRequest.onError (C:\Users\MEMV-Thiago\AppData\Roaming\npm\node_modules\yarn\lib\cli.js:152376:17)
      at Object.onceWrapper (node:events:628:26)
      at ClientRequest.emit (node:events:513:28)
      at Socket.socketErrorListener (node:_http_client:481:9)
      at Socket.emit (node:events:513:28)
      at emitErrorNT (node:internal/streams/destroy:157:8)
      at emitErrorCloseNT (node:internal/streams/destroy:122:3)
      at processTicksAndRejections (node:internal/process/task_queues:83:21)

npm manifest: 
  {
    "name": "rentalx",
    "version": "1.0.0",
    "description": "",
    "main": "index.js",
    "scripts": {
      "dev": "ts-node-dev --transpile-only --ignore-watch node_modules --respawn src/server.ts",
      "test": "echo \"Error: no test specified\" && exit 1"
    },
    "author": "",
    "license": "ISC",
    "dependencies": {
      "express": "^4.18.1"
    },
    "devDependencies": {
      "@types/express": "^4.17.14",
      "@typescript-eslint/eslint-plugin": "^5.39.0",
      "@typescript-eslint/parser": "^5.39.0",
      "eslint": "^7.21.0",
      "eslint-config-airbnb-base": "^15.0.0",
      "eslint-plugin-import": "^2.26.0",
      "prettier": "^2.7.1",
      "ts-node-dev": "^2.0.0",
      "typescript": "^4.8.4"
    }
  }

yarn manifest: 
  No manifest

Lockfile: 
  No lockfile
